[classify] 1629 cluster reps, 1629 to classify
  classified 20/1629
  classified 40/1629
  classified 60/1629
  classified 80/1629
  classified 100/1629
  classified 120/1629
  classified 140/1629
  classified 160/1629
  classified 180/1629
  classified 200/1629
  classified 220/1629
  classified 240/1629
  classified 260/1629
  classified 280/1629
  classified 300/1629
  classified 320/1629
  classified 340/1629
  classified 360/1629
  classified 380/1629
  classified 400/1629
  classified 420/1629
  classified 440/1629
  classified 460/1629
  classified 480/1629
  classified 500/1629
  classified 520/1629
  classified 540/1629
  classified 560/1629
  classified 580/1629
  classified 600/1629
  classified 620/1629
  classified 640/1629
  classified 660/1629
  classified 680/1629
  classified 700/1629
  classified 720/1629
  classified 740/1629
  classified 760/1629
  classified 780/1629
  classified 800/1629
  classified 820/1629
  classified 840/1629
  classified 860/1629
  classified 880/1629
  classified 900/1629
  classified 920/1629
  classified 940/1629
  classified 960/1629
  classified 980/1629
  classified 1000/1629
  classified 1020/1629
  classified 1040/1629
  classified 1060/1629
  classified 1080/1629
  classified 1100/1629
  classified 1120/1629
  classified 1140/1629
  classified 1160/1629
  classified 1180/1629
  classified 1200/1629
  classified 1220/1629
  classified 1240/1629
  classified 1260/1629
  classified 1280/1629
  classified 1300/1629
  classified 1320/1629
  classified 1340/1629
  classified 1360/1629
  classified 1380/1629
  classified 1400/1629
  classified 1420/1629
  classified 1440/1629
  classified 1460/1629
  classified 1480/1629
  classified 1500/1629
  classified 1520/1629
  classified 1540/1629
  classified 1560/1629
  classified 1580/1629
  classified 1600/1629
  classified 1620/1629
  classified 1629/1629
[family] 97 qualifier families
[fuzzy] 1270 candidate pairs >= 85, 1270 to judge
  judged 10/1270
  judged 20/1270
  judged 30/1270
  judged 40/1270
  judged 50/1270
  judged 60/1270
  judged 70/1270
  judged 80/1270
  judged 90/1270
  judged 100/1270
  judged 110/1270
  judged 120/1270
  judged 130/1270
  judged 140/1270
  judged 150/1270
  judged 160/1270
  judged 170/1270
  judged 180/1270
  judged 190/1270
  judged 200/1270
  judged 210/1270
  judged 220/1270
  judged 230/1270
  judged 240/1270
  judged 250/1270
  judged 260/1270
  judged 270/1270
  judged 280/1270
  judged 290/1270
  judged 300/1270
  judged 310/1270
  judged 320/1270
  judged 330/1270
  judged 340/1270
  judged 350/1270
  judged 360/1270
  judged 370/1270
  judged 380/1270
  judged 390/1270
  judged 400/1270
  judged 410/1270
  judged 420/1270
  judged 430/1270
  judged 440/1270
  judged 450/1270
  judged 460/1270
  judged 470/1270
  judged 480/1270
  judged 490/1270
  judged 500/1270
  judged 510/1270
  judged 520/1270
  judged 530/1270
  judged 540/1270
  judged 550/1270
  judged 560/1270
  judged 570/1270
  judged 580/1270
  judged 590/1270
  judged 600/1270
  judged 610/1270
  judged 620/1270
  judged 630/1270
  judged 640/1270
  judged 650/1270
  judged 660/1270
  judged 670/1270
  judged 680/1270
  judged 690/1270
  judged 700/1270
  judged 710/1270
  judged 720/1270
  judged 730/1270
  judged 740/1270
  judged 750/1270
  judged 760/1270
  judged 770/1270
  judged 780/1270
  judged 790/1270
  judged 800/1270
  judged 810/1270
  judged 820/1270
  judged 830/1270
  judged 840/1270
  judged 850/1270
  judged 860/1270
  judged 870/1270
  judged 880/1270
  judged 890/1270
  judged 900/1270
  judged 910/1270
  judged 920/1270
  judged 930/1270
  judged 940/1270
  judged 950/1270
  judged 960/1270
  judged 970/1270
  judged 980/1270
  judged 990/1270
  judged 1000/1270
  judged 1010/1270
  judged 1020/1270
  judged 1030/1270
  judged 1040/1270
  judged 1050/1270
